# JRE version: Java(TM) SE Runtime Environment (20.0.1+9) (build 20.0.1+9-29)
# Java VM: Java HotSpot(TM) 64-Bit Server VM (20.0.1+9-29, mixed mode, emulated-client, sharing, tiered, compressed oops, compressed class ptrs, g1 gc, windows-amd64)
GC Precious Log:
 CardTable entry size: 512
 Card Set container configuration: InlinePtr #cards 5 size 8 Array Of Cards #cards 12 size 40 Howl #buckets 4 coarsen threshold 1843 Howl Bitmap #cards 512 size 80 coarsen threshold 460 Card regions per heap region 1 cards per card region 2048
 CPUs: 4 total, 4 available
 Memory: 8119M
 Large Page Support: Disabled
 NUMA Support: Disabled
 Compressed Oops: Enabled (32-bit)
 Heap Region Size: 1M
 Heap Min Capacity: 8M
 Heap Initial Capacity: 128M
 Heap Max Capacity: 2030M
 Pre-touch: Disabled
 Parallel Workers: 4
 Concurrent Workers: 1
 Concurrent Refinement Workers: 4
 Periodic GC: Disabled
Heap:
 garbage-first heap   total 51200K, used 33093K [0x0000000081200000, 0x0000000100000000)
  region size 1024K, 24 young (24576K), 3 survivors (3072K)
 Metaspace       used 26019K, committed 26432K, reserved 1114112K
  class space    used 3416K, committed 3584K, reserved 1048576K
GC Heap History (14 events):
Event: 9.154 GC heap before
{Heap before GC invocations=0 (full 0):
 garbage-first heap   total 131072K, used 13312K [0x0000000081200000, 0x0000000100000000)
  region size 1024K, 13 young (13312K), 0 survivors (0K)
 Metaspace       used 4645K, committed 4864K, reserved 1114112K
  class space    used 513K, committed 640K, reserved 1048576K
}
Event: 9.165 GC heap after
{Heap after GC invocations=1 (full 0):
 garbage-first heap   total 131072K, used 6272K [0x0000000081200000, 0x0000000100000000)
  region size 1024K, 2 young (2048K), 2 survivors (2048K)
 Metaspace       used 4645K, committed 4864K, reserved 1114112K
  class space    used 513K, committed 640K, reserved 1048576K
}
Event: 9.989 GC heap before
{Heap before GC invocations=1 (full 0):
 garbage-first heap   total 131072K, used 19584K [0x0000000081200000, 0x0000000100000000)
  region size 1024K, 15 young (15360K), 2 survivors (2048K)
 Metaspace       used 7562K, committed 7808K, reserved 1114112K
  class space    used 844K, committed 960K, reserved 1048576K
}
Event: 9.992 GC heap after
{Heap after GC invocations=2 (full 0):
 garbage-first heap   total 131072K, used 7106K [0x0000000081200000, 0x0000000100000000)
  region size 1024K, 1 young (1024K), 1 survivors (1024K)
 Metaspace       used 7562K, committed 7808K, reserved 1114112K
  class space    used 844K, committed 960K, reserved 1048576K
}
Event: 10.939 GC heap before
{Heap before GC invocations=2 (full 0):
 garbage-first heap   total 131072K, used 46018K [0x0000000081200000, 0x0000000100000000)
  region size 1024K, 39 young (39936K), 1 survivors (1024K)
 Metaspace       used 11377K, committed 11648K, reserved 1114112K
  class space    used 1412K, committed 1536K, reserved 1048576K
}
Event: 10.943 GC heap after
{Heap after GC invocations=3 (full 0):
 garbage-first heap   total 131072K, used 8810K [0x0000000081200000, 0x0000000100000000)
  region size 1024K, 3 young (3072K), 3 survivors (3072K)
 Metaspace       used 11377K, committed 11648K, reserved 1114112K
  class space    used 1412K, committed 1536K, reserved 1048576K
}
Event: 11.877 GC heap before
{Heap before GC invocations=3 (full 0):
 garbage-first heap   total 131072K, used 82538K [0x0000000081200000, 0x0000000100000000)
  region size 1024K, 76 young (77824K), 3 survivors (3072K)
 Metaspace       used 18455K, committed 18752K, reserved 1114112K
  class space    used 2277K, committed 2368K, reserved 1048576K
}
Event: 11.883 GC heap after
{Heap after GC invocations=4 (full 0):
 garbage-first heap   total 131072K, used 11029K [0x0000000081200000, 0x0000000100000000)
  region size 1024K, 5 young (5120K), 5 survivors (5120K)
 Metaspace       used 18455K, committed 18752K, reserved 1114112K
  class space    used 2277K, committed 2368K, reserved 1048576K
}
Event: 12.504 GC heap before
{Heap before GC invocations=4 (full 0):
 garbage-first heap   total 131072K, used 41749K [0x0000000081200000, 0x0000000100000000)
  region size 1024K, 37 young (37888K), 5 survivors (5120K)
 Metaspace       used 20418K, committed 20736K, reserved 1114112K
  class space    used 2567K, committed 2688K, reserved 1048576K
}
Event: 12.510 GC heap after
{Heap after GC invocations=5 (full 0):
 garbage-first heap   total 131072K, used 12488K [0x0000000081200000, 0x0000000100000000)
  region size 1024K, 7 young (7168K), 7 survivors (7168K)
 Metaspace       used 20418K, committed 20736K, reserved 1114112K
  class space    used 2567K, committed 2688K, reserved 1048576K
}
Event: 13.488 GC heap before
{Heap before GC invocations=6 (full 0):
 garbage-first heap   total 51200K, used 36040K [0x0000000081200000, 0x0000000100000000)
  region size 1024K, 30 young (30720K), 7 survivors (7168K)
 Metaspace       used 21766K, committed 22080K, reserved 1114112K
  class space    used 2773K, committed 2880K, reserved 1048576K
}
Event: 13.501 GC heap after
{Heap after GC invocations=7 (full 0):
 garbage-first heap   total 51200K, used 13125K [0x0000000081200000, 0x0000000100000000)
  region size 1024K, 3 young (3072K), 3 survivors (3072K)
 Metaspace       used 21766K, committed 22080K, reserved 1114112K
  class space    used 2773K, committed 2880K, reserved 1048576K
}
Event: 14.194 GC heap before
{Heap before GC invocations=7 (full 0):
 garbage-first heap   total 51200K, used 40773K [0x0000000081200000, 0x0000000100000000)
  region size 1024K, 30 young (30720K), 3 survivors (3072K)
 Metaspace       used 24024K, committed 24448K, reserved 1114112K
  class space    used 3112K, committed 3328K, reserved 1048576K
}
Event: 14.200 GC heap after
{Heap after GC invocations=8 (full 0):
 garbage-first heap   total 51200K, used 13637K [0x0000000081200000, 0x0000000100000000)
  region size 1024K, 3 young (3072K), 3 survivors (3072K)
 Metaspace       used 24024K, committed 24448K, reserved 1114112K
  class space    used 3112K, committed 3328K, reserved 1048576K
}

